Build started 2/24/2015 7:01:29 PM.
     1>Project "C:\Documents and Settings\Administrator\gocode\src\github.com\getlantern\systray\systray\systray\systray.vcxproj" on node 2 (build target(s)).
     1>InitializeBuildStatus:
         Creating "Debug\systray.unsuccessfulbuild" because "AlwaysCreate" was specified.
       ClCompile:
         All outputs are up-to-date.
         C:\Program Files\Microsoft Visual Studio 9.0\VC\bin\CL.exe /c /ZI /nologo /W3 /WX- /Od /Oy- /D WIN32 /D _DEBUG /D _WINDOWS /D _USRDLL /D SYSTRAY_EXPORTS /D _WINDLL /D _UNICODE /D UNICODE /Gm /EHsc /RTC1 /MTd /GS /fp:precise /Zc:wchar_t /Zc:forScope /Yc"StdAfx.h" /Fp"Debug\systray.pch" /Fo"Debug\\" /Fd"Debug\vc90.pdb" /Gd /TP /analyze- /errorReport:prompt stdafx.cpp
         stdafx.cpp
         All outputs are up-to-date.
         C:\Program Files\Microsoft Visual Studio 9.0\VC\bin\CL.exe /c /ZI /nologo /W3 /WX- /Od /Oy- /D WIN32 /D _DEBUG /D _WINDOWS /D _USRDLL /D SYSTRAY_EXPORTS /D _WINDLL /D _UNICODE /D UNICODE /Gm /EHsc /RTC1 /MTd /GS /fp:precise /Zc:wchar_t /Zc:forScope /Fo"Debug\\" /Fd"Debug\vc90.pdb" /Gd /TP /analyze- /errorReport:prompt dllmain.cpp
         dllmain.cpp
         C:\Program Files\Microsoft Visual Studio 9.0\VC\bin\CL.exe /c /ZI /nologo /W3 /WX- /Od /Oy- /D WIN32 /D _DEBUG /D _WINDOWS /D _USRDLL /D SYSTRAY_EXPORTS /D _WINDLL /D _UNICODE /D UNICODE /Gm /EHsc /RTC1 /MTd /GS /fp:precise /Zc:wchar_t /Zc:forScope /Yu"StdAfx.h" /Fp"Debug\systray.pch" /Fo"Debug\\" /Fd"Debug\vc90.pdb" /Gd /TP /analyze- /errorReport:prompt systray.cpp
         systray.cpp
       ManifestResourceCompile:
         All outputs are up-to-date.
       Link:
         C:\Program Files\Microsoft Visual Studio 9.0\VC\bin\link.exe /ERRORREPORT:PROMPT /OUT:"C:\Documents and Settings\Administrator\gocode\src\github.com\getlantern\systray\systray\Debug\systray.dll" /INCREMENTAL /NOLOGO kernel32.lib user32.lib gdi32.lib winspool.lib comdlg32.lib advapi32.lib shell32.lib ole32.lib oleaut32.lib uuid.lib odbc32.lib odbccp32.lib /MANIFEST /ManifestFile:"Debug\systray.dll.intermediate.manifest" /MANIFESTUAC:"level='asInvoker' uiAccess='false'" /DEBUG /PDB:"C:\Documents and Settings\Administrator\gocode\src\github.com\getlantern\systray\systray\Debug\systray.pdb" /SUBSYSTEM:WINDOWS /TLBID:1 /DYNAMICBASE /NXCOMPAT /IMPLIB:"C:\Documents and Settings\Administrator\gocode\src\github.com\getlantern\systray\systray\Debug\systray.lib" /MACHINE:X86 /DLL Debug\systray.dll.embed.manifest.res
         Debug\dllmain.obj
         Debug\stdafx.obj
         Debug\systray.obj
         LINK : C:\Documents and Settings\Administrator\gocode\src\github.com\getlantern\systray\systray\Debug\systray.dll not found or not built by the last incremental link; performing full link
            Creating library C:\Documents and Settings\Administrator\gocode\src\github.com\getlantern\systray\systray\Debug\systray.lib and object C:\Documents and Settings\Administrator\gocode\src\github.com\getlantern\systray\systray\Debug\systray.exp
       Manifest:
         C:\Program Files\Microsoft SDKs\Windows\v6.0A\bin\mt.exe /nologo /verbose /out:"Debug\systray.dll.embed.manifest" /manifest Debug\systray.dll.intermediate.manifest
         
     1>mt.exe : general error c101008a: Failed to save the updated manifest to the file "Debug\systray.dll.embed.manifest". The parameter is incorrect.
         
     1>Done Building Project "C:\Documents and Settings\Administrator\gocode\src\github.com\getlantern\systray\systray\systray\systray.vcxproj" (build target(s)) -- FAILED.

Build FAILED.

Time Elapsed 00:00:02.57
